0 info it worked if it ends with ok
1 verbose cli [ '/home/sanjid/.nvm/versions/node/v4.4.7/bin/node',
1 verbose cli   '/home/sanjid/.nvm/versions/node/v4.4.7/bin/npm',
1 verbose cli   'start' ]
2 info using npm@2.15.8
3 info using node@v4.4.7
4 verbose run-script [ 'prestart', 'start', 'poststart' ]
5 info prestart @
6 info start @
7 verbose unsafe-perm in lifecycle true
8 info @ Failed to exec start script
9 verbose stack Error: @ start: `concurrently --kill-others "npm run dev" "php artisan serve --host=127.0.0.1"`
9 verbose stack spawn ENOENT
9 verbose stack     at ChildProcess.<anonymous> (/home/sanjid/.nvm/versions/node/v4.4.7/lib/node_modules/npm/lib/utils/spawn.js:17:16)
9 verbose stack     at emitTwo (events.js:87:13)
9 verbose stack     at ChildProcess.emit (events.js:172:7)
9 verbose stack     at maybeClose (internal/child_process.js:827:16)
9 verbose stack     at Process.ChildProcess._handle.onexit (internal/child_process.js:211:5)
10 verbose pkgid @
11 verbose cwd /home/sanjid/CodePoint/Source/supervision
12 error Linux 4.4.0-71-generic
13 error argv "/home/sanjid/.nvm/versions/node/v4.4.7/bin/node" "/home/sanjid/.nvm/versions/node/v4.4.7/bin/npm" "start"
14 error node v4.4.7
15 error npm  v2.15.8
16 error file sh
17 error code ELIFECYCLE
18 error errno ENOENT
19 error syscall spawn
20 error @ start: `concurrently --kill-others "npm run dev" "php artisan serve --host=127.0.0.1"`
20 error spawn ENOENT
21 error Failed at the @ start script 'concurrently --kill-others "npm run dev" "php artisan serve --host=127.0.0.1"'.
21 error This is most likely a problem with the  package,
21 error not with npm itself.
21 error Tell the author that this fails on your system:
21 error     concurrently --kill-others "npm run dev" "php artisan serve --host=127.0.0.1"
21 error You can get information on how to open an issue for this project with:
21 error     npm bugs
21 error Or if that isn't available, you can get their info via:
21 error
21 error     npm owner ls
21 error There is likely additional logging output above.
22 verbose exit [ 1, true ]
